<?xml version="1.0" encoding="UTF-8"?>

<mule xmlns:ee="http://www.mulesoft.org/schema/mule/ee/core" xmlns:http="http://www.mulesoft.org/schema/mule/http"
	xmlns="http://www.mulesoft.org/schema/mule/core"
	xmlns:doc="http://www.mulesoft.org/schema/mule/documentation" xmlns:xsi="http://www.w3.org/2001/XMLSchema-instance" xsi:schemaLocation="http://www.mulesoft.org/schema/mule/core http://www.mulesoft.org/schema/mule/core/current/mule.xsd
http://www.mulesoft.org/schema/mule/http http://www.mulesoft.org/schema/mule/http/current/mule-http.xsd
http://www.mulesoft.org/schema/mule/ee/core http://www.mulesoft.org/schema/mule/ee/core/current/mule-ee.xsd">
	<http:listener-config name="HTTP_Listener_config" doc:name="HTTP Listener config" doc:id="8161c6ed-bb1b-43c2-a3d5-168bd2ce6373" >
		<http:listener-connection host="0.0.0.0" port="8081" />
	</http:listener-config>
	<flow name="test-hello-world-docFlow" doc:id="6d209d06-1cff-445f-a2fa-682be7361181" >
		<http:listener doc:name="Listener" doc:id="7a29748b-7b0f-4433-83c9-11bc97018103" config-ref="HTTP_Listener_config" path="/hello"/>
		<ee:transform doc:name="Transform Message" doc:id="7847b281-6597-489e-9a9c-b8dbc520c61e" >
			<ee:message >
				<ee:set-payload ><![CDATA[%dw 2.0
output application/java
---
{
	"message":"hello world"
}]]></ee:set-payload>
			</ee:message>
		</ee:transform>
		<logger level="INFO" doc:name="Logger" doc:id="f5658d2c-373a-4eb5-a093-ca49dd2ea686" />
	</flow>
</mule>
